Determining if the pthread_create exist failed with the following output:
Change Dir: /home/user/nav/linux_rampup/gtest_rampup/hello_gtest/build/CMakeFiles/CMakeTmp

Run Build Command:/usr/bin/make "cmTryCompileExec793093744/fast"
/usr/bin/make -f CMakeFiles/cmTryCompileExec793093744.dir/build.make CMakeFiles/cmTryCompileExec793093744.dir/build
make[1]: Entering directory `/home/user/nav/linux_rampup/gtest_rampup/hello_gtest/build/CMakeFiles/CMakeTmp'
/usr/local/bin/cmake -E cmake_progress_report /home/user/nav/linux_rampup/gtest_rampup/hello_gtest/build/CMakeFiles/CMakeTmp/CMakeFiles 1
Building C object CMakeFiles/cmTryCompileExec793093744.dir/CheckSymbolExists.c.o
/usr/bin/cc    -o CMakeFiles/cmTryCompileExec793093744.dir/CheckSymbolExists.c.o   -c /home/user/nav/linux_rampup/gtest_rampup/hello_gtest/build/CMakeFiles/CMakeTmp/CheckSymbolExists.c
Linking C executable cmTryCompileExec793093744
/usr/local/bin/cmake -E cmake_link_script CMakeFiles/cmTryCompileExec793093744.dir/link.txt --verbose=1
/usr/bin/cc       CMakeFiles/cmTryCompileExec793093744.dir/CheckSymbolExists.c.o  -o cmTryCompileExec793093744 -rdynamic 
CMakeFiles/cmTryCompileExec793093744.dir/CheckSymbolExists.c.o: In function `main':
CheckSymbolExists.c:(.text+0x4): undefined reference to `pthread_create'
collect2: ld returned 1 exit status
make[1]: Leaving directory `/home/user/nav/linux_rampup/gtest_rampup/hello_gtest/build/CMakeFiles/CMakeTmp'
make[1]: *** [cmTryCompileExec793093744] Error 1
make: *** [cmTryCompileExec793093744/fast] Error 2

File /home/user/nav/linux_rampup/gtest_rampup/hello_gtest/build/CMakeFiles/CMakeTmp/CheckSymbolExists.c:
/* */
#include <pthread.h>

int main(int argc, char** argv)
{
  (void)argv;
#ifndef pthread_create
  return ((int*)(&pthread_create))[argc];
#else
  (void)argc;
  return 0;
#endif
}

Determining if the function pthread_create exists in the pthreads failed with the following output:
Change Dir: /home/user/nav/linux_rampup/gtest_rampup/hello_gtest/build/CMakeFiles/CMakeTmp

Run Build Command:/usr/bin/make "cmTryCompileExec553891877/fast"
/usr/bin/make -f CMakeFiles/cmTryCompileExec553891877.dir/build.make CMakeFiles/cmTryCompileExec553891877.dir/build
make[1]: Entering directory `/home/user/nav/linux_rampup/gtest_rampup/hello_gtest/build/CMakeFiles/CMakeTmp'
/usr/local/bin/cmake -E cmake_progress_report /home/user/nav/linux_rampup/gtest_rampup/hello_gtest/build/CMakeFiles/CMakeTmp/CMakeFiles 1
Building C object CMakeFiles/cmTryCompileExec553891877.dir/CheckFunctionExists.c.o
/usr/bin/cc   -DCHECK_FUNCTION_EXISTS=pthread_create   -o CMakeFiles/cmTryCompileExec553891877.dir/CheckFunctionExists.c.o   -c /usr/local/share/cmake-2.8/Modules/CheckFunctionExists.c
Linking C executable cmTryCompileExec553891877
/usr/local/bin/cmake -E cmake_link_script CMakeFiles/cmTryCompileExec553891877.dir/link.txt --verbose=1
/usr/bin/cc   -DCHECK_FUNCTION_EXISTS=pthread_create    CMakeFiles/cmTryCompileExec553891877.dir/CheckFunctionExists.c.o  -o cmTryCompileExec553891877 -rdynamic -lpthreads 
/usr/bin/ld: cannot find -lpthreads
collect2: ld returned 1 exit status
make[1]: Leaving directory `/home/user/nav/linux_rampup/gtest_rampup/hello_gtest/build/CMakeFiles/CMakeTmp'
make[1]: *** [cmTryCompileExec553891877] Error 1
make: *** [cmTryCompileExec553891877/fast] Error 2


