Determining if the pthread_create exist failed with the following output:
Change Dir: /home/user/gwm/linuxrampup/gmock_rampup/hello_gmock/build/CMakeFiles/CMakeTmp

Run Build Command:/usr/bin/make "cmTryCompileExec964579034/fast"
/usr/bin/make -f CMakeFiles/cmTryCompileExec964579034.dir/build.make CMakeFiles/cmTryCompileExec964579034.dir/build
make[1]: Entering directory `/home/user/gwm/linuxrampup/gmock_rampup/hello_gmock/build/CMakeFiles/CMakeTmp'
/usr/local/bin/cmake -E cmake_progress_report /home/user/gwm/linuxrampup/gmock_rampup/hello_gmock/build/CMakeFiles/CMakeTmp/CMakeFiles 1
Building C object CMakeFiles/cmTryCompileExec964579034.dir/CheckSymbolExists.c.o
/usr/bin/cc    -o CMakeFiles/cmTryCompileExec964579034.dir/CheckSymbolExists.c.o   -c /home/user/gwm/linuxrampup/gmock_rampup/hello_gmock/build/CMakeFiles/CMakeTmp/CheckSymbolExists.c
Linking C executable cmTryCompileExec964579034
/usr/local/bin/cmake -E cmake_link_script CMakeFiles/cmTryCompileExec964579034.dir/link.txt --verbose=1
/usr/bin/cc       CMakeFiles/cmTryCompileExec964579034.dir/CheckSymbolExists.c.o  -o cmTryCompileExec964579034 -rdynamic 
CMakeFiles/cmTryCompileExec964579034.dir/CheckSymbolExists.c.o: In function `main':
CheckSymbolExists.c:(.text+0x4): undefined reference to `pthread_create'
collect2: ld returned 1 exit status
make[1]: *** [cmTryCompileExec964579034] Error 1
make[1]: Leaving directory `/home/user/gwm/linuxrampup/gmock_rampup/hello_gmock/build/CMakeFiles/CMakeTmp'
make: *** [cmTryCompileExec964579034/fast] Error 2

File /home/user/gwm/linuxrampup/gmock_rampup/hello_gmock/build/CMakeFiles/CMakeTmp/CheckSymbolExists.c:
/* */
#include <pthread.h>

int main(int argc, char** argv)
{
  (void)argv;
#ifndef pthread_create
  return ((int*)(&pthread_create))[argc];
#else
  (void)argc;
  return 0;
#endif
}

Determining if the function pthread_create exists in the pthreads failed with the following output:
Change Dir: /home/user/gwm/linuxrampup/gmock_rampup/hello_gmock/build/CMakeFiles/CMakeTmp

Run Build Command:/usr/bin/make "cmTryCompileExec1690008079/fast"
/usr/bin/make -f CMakeFiles/cmTryCompileExec1690008079.dir/build.make CMakeFiles/cmTryCompileExec1690008079.dir/build
make[1]: Entering directory `/home/user/gwm/linuxrampup/gmock_rampup/hello_gmock/build/CMakeFiles/CMakeTmp'
/usr/local/bin/cmake -E cmake_progress_report /home/user/gwm/linuxrampup/gmock_rampup/hello_gmock/build/CMakeFiles/CMakeTmp/CMakeFiles 1
Building C object CMakeFiles/cmTryCompileExec1690008079.dir/CheckFunctionExists.c.o
/usr/bin/cc   -DCHECK_FUNCTION_EXISTS=pthread_create   -o CMakeFiles/cmTryCompileExec1690008079.dir/CheckFunctionExists.c.o   -c /usr/local/share/cmake-2.8/Modules/CheckFunctionExists.c
Linking C executable cmTryCompileExec1690008079
/usr/local/bin/cmake -E cmake_link_script CMakeFiles/cmTryCompileExec1690008079.dir/link.txt --verbose=1
/usr/bin/cc   -DCHECK_FUNCTION_EXISTS=pthread_create    CMakeFiles/cmTryCompileExec1690008079.dir/CheckFunctionExists.c.o  -o cmTryCompileExec1690008079 -rdynamic -lpthreads 
/usr/bin/ld: cannot find -lpthreads
collect2: ld returned 1 exit status
make[1]: Leaving directory `/home/user/gwm/linuxrampup/gmock_rampup/hello_gmock/build/CMakeFiles/CMakeTmp'
make[1]: *** [cmTryCompileExec1690008079] Error 1
make: *** [cmTryCompileExec1690008079/fast] Error 2


